<?xml version="1.0" encoding="UTF-8"?>
<testng-results ignored="0" total="1" passed="1" failed="0" skipped="0">
  <reporter-output>
  </reporter-output>
  <suite started-at="2023-04-19T10:05:10 IST" name="Default suite" finished-at="2023-04-19T10:05:11 IST" duration-ms="1105">
    <groups>
    </groups>
    <test started-at="2023-04-19T10:05:10 IST" name="Default test" finished-at="2023-04-19T10:05:11 IST" duration-ms="1105">
      <class name="facebook.ReadingExcelData">
        <test-method signature="getDataFromExcel()[pri:0, instance:facebook.ReadingExcelData@48974e45]" started-at="2023-04-19T10:05:10 IST" name="getDataFromExcel" finished-at="2023-04-19T10:05:11 IST" duration-ms="1032" status="PASS">
          <reporter-output>
          </reporter-output>
        </test-method> <!-- getDataFromExcel -->
      </class> <!-- facebook.ReadingExcelData -->
    </test> <!-- Default test -->
  </suite> <!-- Default suite -->
</testng-results>
